<?xml version="1.0" encoding="UTF-8"?>
<testsuite name="com.example.demo.service.BojnProbTypeServiceTest" tests="2" skipped="0" failures="0" errors="0" timestamp="2021-07-27T06:45:20" hostname="DESKTOP-CT2B6I5" time="0.019">
  <properties/>
  <testcase name="BigDecimalRoundDown()" classname="com.example.demo.service.BojnProbTypeServiceTest" time="0.018"/>
  <testcase name="save()" classname="com.example.demo.service.BojnProbTypeServiceTest" time="0.0"/>
  <system-out><![CDATA[]]></system-out>
  <system-err><![CDATA[]]></system-err>
</testsuite>
