<?xml version="1.0" encoding="UTF-8"?>
<testsuite name="com.example.service.BojnProbTypeServiceTest" tests="1" skipped="0" failures="0" errors="0" timestamp="2021-06-22T08:55:14" hostname="DESKTOP-CT2B6I5" time="0.016">
  <properties/>
  <testcase name="save()" classname="com.example.service.BojnProbTypeServiceTest" time="0.016"/>
  <system-out><![CDATA[]]></system-out>
  <system-err><![CDATA[]]></system-err>
</testsuite>
